<?xml version="1.0" encoding="UTF-8"?>
<!-- Generated by org.testng.reporters.JUnitReportReporter -->
<testsuite skipped="1" hostname="DESKTOP-N60QB27" name="rough.TestStatus" tests="1" failures="0" timestamp="2022-12-19T09:38:32 IST" time="0.021" errors="0">
  <testcase name="t1" time="0.021" classname="rough.TestStatus">
    <skipped/>
  </testcase> <!-- t1 -->
</testsuite> <!-- rough.TestStatus -->
