<?xml version="1.0" encoding="UTF-8"?>
<!-- Generated by org.testng.reporters.JUnitReportReporter -->
<testsuite skipped="0" hostname="DESKTOP-N60QB27" name="testcases.LoginTest" tests="1" failures="0" timestamp="2022-12-19T10:10:21 IST" time="0.285" errors="0">
  <testcase name="login" time="0.285" classname="testcases.LoginTest"/>
</testsuite> <!-- testcases.LoginTest -->
