<?xml version="1.0" encoding="UTF-8"?>
<!-- Generated by org.testng.reporters.JUnitReportReporter -->
<testsuite skipped="0" hostname="DESKTOP-N60QB27" name="coding.T3" tests="1" failures="0" timestamp="2022-12-19T09:22:42 IST" time="18.579" errors="0">
  <testcase name="main" time="18.579" classname="coding.T3"/>
</testsuite> <!-- coding.T3 -->
