<?xml version="1.0" encoding="UTF-8"?>
<!-- Generated by org.testng.reporters.JUnitReportReporter -->
<testsuite skipped="0" hostname="DESKTOP-N60QB27" name="coding.T2" tests="1" failures="0" timestamp="2022-12-19T09:12:40 IST" time="12.825" errors="0">
  <testcase name="main" time="12.825" classname="coding.T2"/>
</testsuite> <!-- coding.T2 -->
