<?xml version="1.0" encoding="UTF-8"?>
<!-- Generated by org.testng.reporters.JUnitReportReporter -->
<testsuite skipped="0" hostname="DESKTOP-N60QB27" name="coding.T4" tests="1" failures="0" timestamp="2022-12-19T09:27:40 IST" time="10.839" errors="0">
  <testcase name="main" time="10.839" classname="coding.T4"/>
</testsuite> <!-- coding.T4 -->
